Data.obj : warning LNK4006: "int Data::khlaed" (?khlaed@Data@@3HA) already defined in Aimbot.obj; second definition ignored
Esp.obj : warning LNK4006: "int Data::khlaed" (?khlaed@Data@@3HA) already defined in Aimbot.obj; second definition ignored
main.obj : warning LNK4006: "int Data::khlaed" (?khlaed@Data@@3HA) already defined in Aimbot.obj; second definition ignored
main.obj : warning LNK4006: "class std::basic_string<char,struct std::char_traits<char>,class std::allocator<char> > zipe::iv" (?iv@zipe@@3V?$basic_string@DU?$char_traits@D@std@@V?$allocator@D@2@@std@@A) already defined in Esp.obj; second definition ignored
main.obj : warning LNK4006: main already defined in send-presence.obj; second definition ignored
Memory.obj : warning LNK4006: "int Data::khlaed" (?khlaed@Data@@3HA) already defined in Aimbot.obj; second definition ignored
mrboot.obj : warning LNK4006: "class std::vector<class ImGuiToast,class std::allocator<class ImGuiToast> > ImGui::notifications" (?notifications@ImGui@@3V?$vector@VImGuiToast@@V?$allocator@VImGuiToast@@@std@@@std@@A) already defined in Esp.obj; second definition ignored
mrboot.obj : warning LNK4006: "void __cdecl ImGui::RenderNotifications(void)" (?RenderNotifications@ImGui@@YAXXZ) already defined in Esp.obj; second definition ignored
mrboot.obj : warning LNK4006: "void __cdecl ImGui::RemoveNotification(int)" (?RemoveNotification@ImGui@@YAXH@Z) already defined in Esp.obj; second definition ignored
mrboot.obj : warning LNK4006: "void __cdecl ImGui::MergeIconsWithLatestFont(float,bool)" (?MergeIconsWithLatestFont@ImGui@@YAXM_N@Z) already defined in Esp.obj; second definition ignored
mrboot.obj : warning LNK4006: "void __cdecl ImGui::InsertNotification(class ImGuiToast const &)" (?InsertNotification@ImGui@@YAXAEBVImGuiToast@@@Z) already defined in Esp.obj; second definition ignored
tele.obj : warning LNK4006: "void __cdecl sendPhotoToTelegram(void)" (?sendPhotoToTelegram@@YAXXZ) already defined in main.obj; second definition ignored
tele.obj : warning LNK4006: "unsigned __int64 __cdecl WriteCallback22fffffffffffffffffffffffffff(void *,unsigned __int64,unsigned __int64,void *)" (?WriteCallback22fffffffffffffffffffffffffff@@YA_KPEAX_K10@Z) already defined in main.obj; second definition ignored
FarsiType.obj : error LNK2001: unresolved external symbol "class std::basic_string<char,struct std::char_traits<char>,class std::allocator<char> > __cdecl Ws_ExType::wstring_to_utf8(class std::basic_string<wchar_t,struct std::char_traits<wchar_t>,class std::allocator<wchar_t> > const &)" (?wstring_to_utf8@Ws_ExType@@YA?AV?$basic_string@DU?$char_traits@D@std@@V?$allocator@D@2@@std@@AEBV?$basic_string@_WU?$char_traits@_W@std@@V?$allocator@_W@2@@3@@Z)
C:\Users\GAN\Desktop\Loader-desgin\Loader_desgin\x64\Release\TAXI.exe : warning LNK4088: image being generated due to /FORCE option; image may not run
  Generating code
  0 of 6798 functions ( 0.0%) were compiled, the rest were copied from previous compilation.
    0 functions were new in current compilation
    0 functions had inline decision re-evaluated but remain unchanged
  Finished generating code
libcurl.lib(easy.obj) : warning LNK4099: PDB '' was not found with 'libcurl.lib(easy.obj)' or at ''; linking object as if no debug info
libcurl.lib(slist.obj) : warning LNK4099: PDB '' was not found with 'libcurl.lib(slist.obj)' or at ''; linking object as if no debug info
libcurl.lib(strerror.obj) : warning LNK4099: PDB '' was not found with 'libcurl.lib(strerror.obj)' or at ''; linking object as if no debug info
libcurl.lib(formdata.obj) : warning LNK4099: PDB '' was not found with 'libcurl.lib(formdata.obj)' or at ''; linking object as if no debug info
libcurl.lib(multi.obj) : warning LNK4099: PDB '' was not found with 'libcurl.lib(multi.obj)' or at ''; linking object as if no debug info
libcurl.lib(cookie.obj) : warning LNK4099: PDB '' was not found with 'libcurl.lib(cookie.obj)' or at ''; linking object as if no debug info
libcurl.lib(timeval.obj) : warning LNK4099: PDB '' was not found with 'libcurl.lib(timeval.obj)' or at ''; linking object as if no debug info
libcurl.lib(asyn-thread.obj) : warning LNK4099: PDB '' was not found with 'libcurl.lib(asyn-thread.obj)' or at ''; linking object as if no debug info
libcurl.lib(hostip.obj) : warning LNK4099: PDB '' was not found with 'libcurl.lib(hostip.obj)' or at ''; linking object as if no debug info
libcurl.lib(vtls.obj) : warning LNK4099: PDB '' was not found with 'libcurl.lib(vtls.obj)' or at ''; linking object as if no debug info
libcurl.lib(url.obj) : warning LNK4099: PDB '' was not found with 'libcurl.lib(url.obj)' or at ''; linking object as if no debug info
libcurl.lib(getinfo.obj) : warning LNK4099: PDB '' was not found with 'libcurl.lib(getinfo.obj)' or at ''; linking object as if no debug info
libcurl.lib(select.obj) : warning LNK4099: PDB '' was not found with 'libcurl.lib(select.obj)' or at ''; linking object as if no debug info
libcurl.lib(sendf.obj) : warning LNK4099: PDB '' was not found with 'libcurl.lib(sendf.obj)' or at ''; linking object as if no debug info
libcurl.lib(connect.obj) : warning LNK4099: PDB '' was not found with 'libcurl.lib(connect.obj)' or at ''; linking object as if no debug info
libcurl.lib(version.obj) : warning LNK4099: PDB '' was not found with 'libcurl.lib(version.obj)' or at ''; linking object as if no debug info
libcurl.lib(mprintf.obj) : warning LNK4099: PDB '' was not found with 'libcurl.lib(mprintf.obj)' or at ''; linking object as if no debug info
libcurl.lib(strcase.obj) : warning LNK4099: PDB '' was not found with 'libcurl.lib(strcase.obj)' or at ''; linking object as if no debug info
libcurl.lib(strdup.obj) : warning LNK4099: PDB '' was not found with 'libcurl.lib(strdup.obj)' or at ''; linking object as if no debug info
libcurl.lib(rand.obj) : warning LNK4099: PDB '' was not found with 'libcurl.lib(rand.obj)' or at ''; linking object as if no debug info
libcurl.lib(llist.obj) : warning LNK4099: PDB '' was not found with 'libcurl.lib(llist.obj)' or at ''; linking object as if no debug info
libcurl.lib(hash.obj) : warning LNK4099: PDB '' was not found with 'libcurl.lib(hash.obj)' or at ''; linking object as if no debug info
libcurl.lib(hostasyn.obj) : warning LNK4099: PDB '' was not found with 'libcurl.lib(hostasyn.obj)' or at ''; linking object as if no debug info
libcurl.lib(splay.obj) : warning LNK4099: PDB '' was not found with 'libcurl.lib(splay.obj)' or at ''; linking object as if no debug info
libcurl.lib(http.obj) : warning LNK4099: PDB '' was not found with 'libcurl.lib(http.obj)' or at ''; linking object as if no debug info
libcurl.lib(wildcard.obj) : warning LNK4099: PDB '' was not found with 'libcurl.lib(wildcard.obj)' or at ''; linking object as if no debug info
libcurl.lib(conncache.obj) : warning LNK4099: PDB '' was not found with 'libcurl.lib(conncache.obj)' or at ''; linking object as if no debug info
libcurl.lib(transfer.obj) : warning LNK4099: PDB '' was not found with 'libcurl.lib(transfer.obj)' or at ''; linking object as if no debug info
libcurl.lib(progress.obj) : warning LNK4099: PDB '' was not found with 'libcurl.lib(progress.obj)' or at ''; linking object as if no debug info
libcurl.lib(warnless.obj) : warning LNK4099: PDB '' was not found with 'libcurl.lib(warnless.obj)' or at ''; linking object as if no debug info
libcurl.lib(speedcheck.obj) : warning LNK4099: PDB '' was not found with 'libcurl.lib(speedcheck.obj)' or at ''; linking object as if no debug info
libcurl.lib(pipeline.obj) : warning LNK4099: PDB '' was not found with 'libcurl.lib(pipeline.obj)' or at ''; linking object as if no debug info
libcurl.lib(parsedate.obj) : warning LNK4099: PDB '' was not found with 'libcurl.lib(parsedate.obj)' or at ''; linking object as if no debug info
libcurl.lib(strtok.obj) : warning LNK4099: PDB '' was not found with 'libcurl.lib(strtok.obj)' or at ''; linking object as if no debug info
libcurl.lib(share.obj) : warning LNK4099: PDB '' was not found with 'libcurl.lib(share.obj)' or at ''; linking object as if no debug info
libcurl.lib(curl_memrchr.obj) : warning LNK4099: PDB '' was not found with 'libcurl.lib(curl_memrchr.obj)' or at ''; linking object as if no debug info
libcurl.lib(inet_pton.obj) : warning LNK4099: PDB '' was not found with 'libcurl.lib(inet_pton.obj)' or at ''; linking object as if no debug info
libcurl.lib(curl_addrinfo.obj) : warning LNK4099: PDB '' was not found with 'libcurl.lib(curl_addrinfo.obj)' or at ''; linking object as if no debug info
libcurl.lib(curl_threads.obj) : warning LNK4099: PDB '' was not found with 'libcurl.lib(curl_threads.obj)' or at ''; linking object as if no debug info
libcurl.lib(hostip4.obj) : warning LNK4099: PDB '' was not found with 'libcurl.lib(hostip4.obj)' or at ''; linking object as if no debug info
libcurl.lib(inet_ntop.obj) : warning LNK4099: PDB '' was not found with 'libcurl.lib(inet_ntop.obj)' or at ''; linking object as if no debug info
libcurl.lib(openssl.obj) : warning LNK4099: PDB '' was not found with 'libcurl.lib(openssl.obj)' or at ''; linking object as if no debug info
libcurl.lib(base64.obj) : warning LNK4099: PDB '' was not found with 'libcurl.lib(base64.obj)' or at ''; linking object as if no debug info
libcurl.lib(imap.obj) : warning LNK4099: PDB '' was not found with 'libcurl.lib(imap.obj)' or at ''; linking object as if no debug info
libcurl.lib(pop3.obj) : warning LNK4099: PDB '' was not found with 'libcurl.lib(pop3.obj)' or at ''; linking object as if no debug info
libcurl.lib(smtp.obj) : warning LNK4099: PDB '' was not found with 'libcurl.lib(smtp.obj)' or at ''; linking object as if no debug info
libcurl.lib(ftp.obj) : warning LNK4099: PDB '' was not found with 'libcurl.lib(ftp.obj)' or at ''; linking object as if no debug info
libcurl.lib(dict.obj) : warning LNK4099: PDB '' was not found with 'libcurl.lib(dict.obj)' or at ''; linking object as if no debug info
libcurl.lib(telnet.obj) : warning LNK4099: PDB '' was not found with 'libcurl.lib(telnet.obj)' or at ''; linking object as if no debug info
libcurl.lib(tftp.obj) : warning LNK4099: PDB '' was not found with 'libcurl.lib(tftp.obj)' or at ''; linking object as if no debug info
libcurl.lib(ldap.obj) : warning LNK4099: PDB '' was not found with 'libcurl.lib(ldap.obj)' or at ''; linking object as if no debug info
libcurl.lib(file.obj) : warning LNK4099: PDB '' was not found with 'libcurl.lib(file.obj)' or at ''; linking object as if no debug info
libcurl.lib(rtsp.obj) : warning LNK4099: PDB '' was not found with 'libcurl.lib(rtsp.obj)' or at ''; linking object as if no debug info
libcurl.lib(gopher.obj) : warning LNK4099: PDB '' was not found with 'libcurl.lib(gopher.obj)' or at ''; linking object as if no debug info
libcurl.lib(smb.obj) : warning LNK4099: PDB '' was not found with 'libcurl.lib(smb.obj)' or at ''; linking object as if no debug info
libcurl.lib(getenv.obj) : warning LNK4099: PDB '' was not found with 'libcurl.lib(getenv.obj)' or at ''; linking object as if no debug info
libcurl.lib(escape.obj) : warning LNK4099: PDB '' was not found with 'libcurl.lib(escape.obj)' or at ''; linking object as if no debug info
libcurl.lib(netrc.obj) : warning LNK4099: PDB '' was not found with 'libcurl.lib(netrc.obj)' or at ''; linking object as if no debug info
libcurl.lib(http_digest.obj) : warning LNK4099: PDB '' was not found with 'libcurl.lib(http_digest.obj)' or at ''; linking object as if no debug info
libcurl.lib(http_ntlm.obj) : warning LNK4099: PDB '' was not found with 'libcurl.lib(http_ntlm.obj)' or at ''; linking object as if no debug info
libcurl.lib(socks.obj) : warning LNK4099: PDB '' was not found with 'libcurl.lib(socks.obj)' or at ''; linking object as if no debug info
libcurl.lib(http_proxy.obj) : warning LNK4099: PDB '' was not found with 'libcurl.lib(http_proxy.obj)' or at ''; linking object as if no debug info
libcurl.lib(dotdot.obj) : warning LNK4099: PDB '' was not found with 'libcurl.lib(dotdot.obj)' or at ''; linking object as if no debug info
libcurl.lib(if2ip.obj) : warning LNK4099: PDB '' was not found with 'libcurl.lib(if2ip.obj)' or at ''; linking object as if no debug info
libcurl.lib(nonblock.obj) : warning LNK4099: PDB '' was not found with 'libcurl.lib(nonblock.obj)' or at ''; linking object as if no debug info
libcurl.lib(system_win32.obj) : warning LNK4099: PDB '' was not found with 'libcurl.lib(system_win32.obj)' or at ''; linking object as if no debug info
libcurl.lib(http_chunks.obj) : warning LNK4099: PDB '' was not found with 'libcurl.lib(http_chunks.obj)' or at ''; linking object as if no debug info
libcurl.lib(digest.obj) : warning LNK4099: PDB '' was not found with 'libcurl.lib(digest.obj)' or at ''; linking object as if no debug info
libcurl.lib(ntlm.obj) : warning LNK4099: PDB '' was not found with 'libcurl.lib(ntlm.obj)' or at ''; linking object as if no debug info
libcurl.lib(fileinfo.obj) : warning LNK4099: PDB '' was not found with 'libcurl.lib(fileinfo.obj)' or at ''; linking object as if no debug info
libcurl.lib(hostcheck.obj) : warning LNK4099: PDB '' was not found with 'libcurl.lib(hostcheck.obj)' or at ''; linking object as if no debug info
libcurl.lib(pingpong.obj) : warning LNK4099: PDB '' was not found with 'libcurl.lib(pingpong.obj)' or at ''; linking object as if no debug info
libcurl.lib(curl_sasl.obj) : warning LNK4099: PDB '' was not found with 'libcurl.lib(curl_sasl.obj)' or at ''; linking object as if no debug info
libcurl.lib(md5.obj) : warning LNK4099: PDB '' was not found with 'libcurl.lib(md5.obj)' or at ''; linking object as if no debug info
libcurl.lib(curl_gethostname.obj) : warning LNK4099: PDB '' was not found with 'libcurl.lib(curl_gethostname.obj)' or at ''; linking object as if no debug info
libcurl.lib(ftplistparser.obj) : warning LNK4099: PDB '' was not found with 'libcurl.lib(ftplistparser.obj)' or at ''; linking object as if no debug info
libcurl.lib(curl_ntlm_core.obj) : warning LNK4099: PDB '' was not found with 'libcurl.lib(curl_ntlm_core.obj)' or at ''; linking object as if no debug info
libcurl.lib(curl_endian.obj) : warning LNK4099: PDB '' was not found with 'libcurl.lib(curl_endian.obj)' or at ''; linking object as if no debug info
libcurl.lib(vauth.obj) : warning LNK4099: PDB '' was not found with 'libcurl.lib(vauth.obj)' or at ''; linking object as if no debug info
libcurl.lib(cleartext.obj) : warning LNK4099: PDB '' was not found with 'libcurl.lib(cleartext.obj)' or at ''; linking object as if no debug info
libcurl.lib(cram.obj) : warning LNK4099: PDB '' was not found with 'libcurl.lib(cram.obj)' or at ''; linking object as if no debug info
libcurl.lib(oauth2.obj) : warning LNK4099: PDB '' was not found with 'libcurl.lib(oauth2.obj)' or at ''; linking object as if no debug info
libcurl.lib(curl_fnmatch.obj) : warning LNK4099: PDB '' was not found with 'libcurl.lib(curl_fnmatch.obj)' or at ''; linking object as if no debug info
libcurl.lib(hmac.obj) : warning LNK4099: PDB '' was not found with 'libcurl.lib(hmac.obj)' or at ''; linking object as if no debug info
* CIL library *(* CIL module *) : warning LNK4006: "class std::basic_string<char,struct std::char_traits<char>,class std::allocator<char> > zipe::iv" (?iv@zipe@@3V?$basic_string@DU?$char_traits@D@std@@V?$allocator@D@2@@std@@A) already defined in * CIL library *(* CIL module *); second definition ignored
* CIL library *(* CIL module *) : warning LNK4006: "class std::vector<class ImGuiToast,class std::allocator<class ImGuiToast> > ImGui::notifications" (?notifications@ImGui@@3V?$vector@VImGuiToast@@V?$allocator@VImGuiToast@@@std@@@std@@A) already defined in * CIL library *(* CIL module *); second definition ignored
FarsiType.obj : error LNK2001: unresolved external symbol "__declspec(dllimport) class std::basic_string<char,struct std::char_traits<char>,class std::allocator<char> > __cdecl Ws_ExType::wstring_to_utf8(class std::basic_string<wchar_t,struct std::char_traits<wchar_t>,class std::allocator<wchar_t> > const &)" (__imp_?wstring_to_utf8@Ws_ExType@@YA?AV?$basic_string@DU?$char_traits@D@std@@V?$allocator@D@2@@std@@AEBV?$basic_string@_WU?$char_traits@_W@std@@V?$allocator@_W@2@@3@@Z)
C:\Users\GAN\Desktop\Loader-desgin\Loader_desgin\x64\Release\TAXI.exe : warning LNK4088: image being generated due to /FORCE option; image may not run
  ImGui Loader Base.vcxproj -> C:\Users\GAN\Desktop\Loader-desgin\Loader_desgin\x64\Release\TAXI.exe
